<?xml version="1.0" encoding="UTF-8"?>
<!-- Generated by org.testng.reporters.JUnitXMLReporter -->
<testsuite ignored="0" hostname="LenovoAsus" failures="1" tests="7" name="Firt My Test" time="27.433" errors="0" timestamp="2024-12-11T18:03:21 WIB">
  <testcase classname="com.ujian.LoginTest" name="emptyCredentialsLoginTest" time="0.182"/>
  <testcase classname="com.ujian.LoginTest" name="invalidPasswordLoginTest" time="0.301"/>
  <testcase classname="com.ujian.LoginTest" name="invalidUsernameLoginTest" time="0.268"/>
  <testcase classname="com.ujian.LoginTest" name="validLoginTest" time="0.267"/>
  <testcase classname="com.ujian.CheckoutTest" name="checkoutWithEmptyCartTest" time="4.627">
    <failure type="java.lang.AssertionError" message="expected [false] but found [true]">
      <![CDATA[java.lang.AssertionError: expected [false] but found [true]
at com.ujian.CheckoutTest.checkoutWithEmptyCartTest(CheckoutTest.java:71)
at java.base/java.util.ArrayList.forEach(ArrayList.java:1511)
... Removed 35 stack frames]]>
    </failure>
  </testcase> <!-- checkoutWithEmptyCartTest -->
  <testcase classname="com.ujian.CheckoutTest" name="missingCheckoutDetailsTest" time="5.643"/>
  <testcase classname="com.ujian.CheckoutTest" name="successfulCheckoutTest" time="5.665"/>
</testsuite> <!-- Firt My Test -->
